# JRE version: Java(TM) SE Runtime Environment (17.0.9+11) (build 17.0.9+11-LTS-201)
# Java VM: Java HotSpot(TM) 64-Bit Server VM (17.0.9+11-LTS-201, mixed mode, emulated-client, sharing, tiered, compressed oops, compressed class ptrs, g1 gc, windows-amd64)
GC Precious Log:
 CPUs: 4 total, 4 available
 Memory: 7991M
 Large Page Support: Disabled
 NUMA Support: Disabled
 Compressed Oops: Enabled (32-bit)
 Heap Region Size: 1M
 Heap Min Capacity: 8M
 Heap Initial Capacity: 126M
 Heap Max Capacity: 1998M
 Pre-touch: Disabled
 Parallel Workers: 4
 Concurrent Workers: 1
 Concurrent Refinement Workers: 4
 Periodic GC: Disabled
Heap:
 garbage-first heap   total 81920K, used 48033K [0x0000000083200000, 0x0000000100000000)
  region size 1024K, 24 young (24576K), 2 survivors (2048K)
 Metaspace       used 59270K, committed 59776K, reserved 1114112K
  class space    used 8471K, committed 8704K, reserved 1048576K
GC Heap History (20 events):
Event: 1.327 GC heap before
{Heap before GC invocations=2 (full 0):
 garbage-first heap   total 129024K, used 29618K [0x0000000083200000, 0x0000000100000000)
  region size 1024K, 22 young (22528K), 2 survivors (2048K)
 Metaspace       used 11247K, committed 11520K, reserved 1114112K
  class space    used 1532K, committed 1664K, reserved 1048576K
}
Event: 1.332 GC heap after
{Heap after GC invocations=3 (full 0):
 garbage-first heap   total 129024K, used 10985K [0x0000000083200000, 0x0000000100000000)
  region size 1024K, 3 young (3072K), 3 survivors (3072K)
 Metaspace       used 11247K, committed 11520K, reserved 1114112K
  class space    used 1532K, committed 1664K, reserved 1048576K
}
Event: 2.332 GC heap before
{Heap before GC invocations=3 (full 0):
 garbage-first heap   total 129024K, used 73449K [0x0000000083200000, 0x0000000100000000)
  region size 1024K, 66 young (67584K), 3 survivors (3072K)
 Metaspace       used 21252K, committed 21504K, reserved 1114112K
  class space    used 2804K, committed 2944K, reserved 1048576K
}
Event: 2.343 GC heap after
{Heap after GC invocations=4 (full 0):
 garbage-first heap   total 129024K, used 16017K [0x0000000083200000, 0x0000000100000000)
  region size 1024K, 8 young (8192K), 8 survivors (8192K)
 Metaspace       used 21252K, committed 21504K, reserved 1114112K
  class space    used 2804K, committed 2944K, reserved 1048576K
}
Event: 3.077 GC heap before
{Heap before GC invocations=5 (full 0):
 garbage-first heap   total 58368K, used 44689K [0x0000000083200000, 0x0000000100000000)
  region size 1024K, 37 young (37888K), 8 survivors (8192K)
 Metaspace       used 24714K, committed 24960K, reserved 1114112K
  class space    used 3259K, committed 3392K, reserved 1048576K
}
Event: 3.102 GC heap after
{Heap after GC invocations=6 (full 0):
 garbage-first heap   total 58368K, used 17478K [0x0000000083200000, 0x0000000100000000)
  region size 1024K, 7 young (7168K), 7 survivors (7168K)
 Metaspace       used 24714K, committed 24960K, reserved 1114112K
  class space    used 3259K, committed 3392K, reserved 1048576K
}
Event: 3.139 GC heap before
{Heap before GC invocations=6 (full 0):
 garbage-first heap   total 58368K, used 18502K [0x0000000083200000, 0x0000000100000000)
  region size 1024K, 8 young (8192K), 7 survivors (7168K)
 Metaspace       used 24910K, committed 25216K, reserved 1114112K
  class space    used 3290K, committed 3456K, reserved 1048576K
}
Event: 3.153 GC heap after
{Heap after GC invocations=7 (full 0):
 garbage-first heap   total 58368K, used 18008K [0x0000000083200000, 0x0000000100000000)
  region size 1024K, 1 young (1024K), 1 survivors (1024K)
 Metaspace       used 24910K, committed 25216K, reserved 1114112K
  class space    used 3290K, committed 3456K, reserved 1048576K
}
Event: 3.910 GC heap before
{Heap before GC invocations=7 (full 0):
 garbage-first heap   total 58368K, used 39512K [0x0000000083200000, 0x0000000100000000)
  region size 1024K, 22 young (22528K), 1 survivors (1024K)
 Metaspace       used 27769K, committed 28096K, reserved 1114112K
  class space    used 3815K, committed 3968K, reserved 1048576K
}
Event: 3.920 GC heap after
{Heap after GC invocations=8 (full 0):
 garbage-first heap   total 58368K, used 18324K [0x0000000083200000, 0x0000000100000000)
  region size 1024K, 2 young (2048K), 2 survivors (2048K)
 Metaspace       used 27769K, committed 28096K, reserved 1114112K
  class space    used 3815K, committed 3968K, reserved 1048576K
}
Event: 4.676 GC heap before
{Heap before GC invocations=8 (full 0):
 garbage-first heap   total 58368K, used 39828K [0x0000000083200000, 0x0000000100000000)
  region size 1024K, 24 young (24576K), 2 survivors (2048K)
 Metaspace       used 31051K, committed 31488K, reserved 1114112K
  class space    used 4361K, committed 4544K, reserved 1048576K
}
Event: 4.689 GC heap after
{Heap after GC invocations=9 (full 0):
 garbage-first heap   total 113664K, used 20448K [0x0000000083200000, 0x0000000100000000)
  region size 1024K, 3 young (3072K), 3 survivors (3072K)
 Metaspace       used 31051K, committed 31488K, reserved 1114112K
  class space    used 4361K, committed 4544K, reserved 1048576K
}
Event: 5.952 GC heap before
{Heap before GC invocations=9 (full 0):
 garbage-first heap   total 113664K, used 55264K [0x0000000083200000, 0x0000000100000000)
  region size 1024K, 38 young (38912K), 3 survivors (3072K)
 Metaspace       used 35959K, committed 36416K, reserved 1114112K
  class space    used 4992K, committed 5248K, reserved 1048576K
}
Event: 5.965 GC heap after
{Heap after GC invocations=10 (full 0):
 garbage-first heap   total 113664K, used 22758K [0x0000000083200000, 0x0000000100000000)
  region size 1024K, 6 young (6144K), 6 survivors (6144K)
 Metaspace       used 35959K, committed 36416K, reserved 1114112K
  class space    used 4992K, committed 5248K, reserved 1048576K
}
Event: 11.146 GC heap before
{Heap before GC invocations=11 (full 0):
 garbage-first heap   total 81920K, used 65766K [0x0000000083200000, 0x0000000100000000)
  region size 1024K, 48 young (49152K), 6 survivors (6144K)
 Metaspace       used 48236K, committed 48704K, reserved 1114112K
  class space    used 6695K, committed 6912K, reserved 1048576K
}
Event: 11.161 GC heap after
{Heap after GC invocations=12 (full 0):
 garbage-first heap   total 81920K, used 25458K [0x0000000083200000, 0x0000000100000000)
  region size 1024K, 5 young (5120K), 5 survivors (5120K)
 Metaspace       used 48236K, committed 48704K, reserved 1114112K
  class space    used 6695K, committed 6912K, reserved 1048576K
}
Event: 11.224 GC heap before
{Heap before GC invocations=12 (full 0):
 garbage-first heap   total 81920K, used 26482K [0x0000000083200000, 0x0000000100000000)
  region size 1024K, 6 young (6144K), 5 survivors (5120K)
 Metaspace       used 48422K, committed 48960K, reserved 1114112K
  class space    used 6725K, committed 6976K, reserved 1048576K
}
Event: 11.233 GC heap after
{Heap after GC invocations=13 (full 0):
 garbage-first heap   total 81920K, used 25817K [0x0000000083200000, 0x0000000100000000)
  region size 1024K, 1 young (1024K), 1 survivors (1024K)
 Metaspace       used 48422K, committed 48960K, reserved 1114112K
  class space    used 6725K, committed 6976K, reserved 1048576K
}
Event: 12.821 GC heap before
{Heap before GC invocations=13 (full 0):
 garbage-first heap   total 81920K, used 62681K [0x0000000083200000, 0x0000000100000000)
  region size 1024K, 37 young (37888K), 1 survivors (1024K)
 Metaspace       used 56583K, committed 57024K, reserved 1114112K
  class space    used 8060K, committed 8256K, reserved 1048576K
}
Event: 12.826 GC heap after
{Heap after GC invocations=14 (full 0):
 garbage-first heap   total 81920K, used 26529K [0x0000000083200000, 0x0000000100000000)
  region size 1024K, 2 young (2048K), 2 survivors (2048K)
 Metaspace       used 56583K, committed 57024K, reserved 1114112K
  class space    used 8060K, committed 8256K, reserved 1048576K
}

